20230117	02:29:55	0566b360-3954-4a88-990e-fb9bc2d4c015	/new-page.html	GET
20230117	02:29:55	afb52885-4f6b-4c2a-ac89-f757dff9e802	/css/style.css	GET
20230117	02:29:55	621b349d-4d85-426f-adb5-1118742ca748	/img/img1.jpg	GET
20230117	02:29:55	2f1d3f1e-bde0-4236-be64-2580ab3c1475	/favicon.ico	GET
20230117	02:42:47	163f906a-86a1-4166-be80-b0119430c218	/new-page.html	GET
20230117	02:45:30	b634339c-560a-4679-a6f3-175bd7c80dc7	/new-page.html	GET
20230117	02:45:30	5f74ce07-aea9-46f1-8e2e-e70e099960e4	/css/style.css	GET
20230117	02:45:30	f046834a-1893-4ef1-81cc-d7224da2c7ab	/img/img1.jpg	GET
20230117	02:53:37	939e8d1a-df84-4519-b0ed-03c5cb4c8786	/new-page.html	GET
20230117	02:53:37	0795d619-23aa-4450-936e-8a394f10abc8	/css/style.css	GET
20230117	02:53:37	0b9618b0-7369-48f3-a2e3-93a70b69f1cc	/img/img1.jpg	GET
20230118	00:33:29	77a616c9-f844-4c1f-87c7-685295dcf925	/new-page	undefined	GET
20230118	00:33:46	cd3c4424-184c-4ccf-b54e-877e70662040	/new-page	undefined	GET
20230118	00:34:09	e6fe33a0-27b8-491c-a2ed-84c5d5759476	/new-page	undefined	GET
20230118	00:34:09	b70d38f4-c622-483d-9e8a-c1cd580f8e89	/css/style.css	undefined	GET
20230118	00:34:09	38e4279e-1843-416a-82e1-bd6624fff6fc	/img/img1.jpg	undefined	GET
20230118	00:34:32	02e61545-5d17-4ea0-8122-e25fcb450e0e	/new-page	undefined	GET
20230118	00:34:32	77b693c8-49db-46b0-85c5-fe2eee6cf292	/css/style.css	undefined	GET
20230118	00:34:32	ee60cedd-fc2c-497e-b8e2-14abe1be158d	/img/img1.jpg	undefined	GET
20230118	01:37:51	d7e49280-3578-4e6e-a7f1-1955c891cfd8	/new-page	undefined	GET
20230118	01:37:51	54046bed-0b8b-4bc9-a5e2-6f91e7389aa2	/css/style.css	undefined	GET
20230118	01:37:51	4431e5ac-7747-4e31-b014-39c780fca6c7	/img/img1.jpg	undefined	GET
20230118	01:38:52	4f54dac0-fd5a-4fe7-ba21-51a5a9f2ec30	/new-page	undefined	GET
20230118	01:38:52	a931a39c-3039-4014-b331-8fbc78c01acb	/css/style.css	undefined	GET
20230118	01:38:52	a6cc45e4-c60d-45e8-b7db-f969a577e5cf	/img/img1.jpg	undefined	GET
20230118	01:40:10	b40afdc8-393e-4eaf-8fe4-4cdce675efd6	/	undefined	GET
20230118	01:44:59	763efe7a-e304-4ce1-a45c-0c00aad6e3e9	/	undefined	GET
20230118	01:52:49	9a497238-1084-409c-8b2f-afa675145ad1	/	undefined	GET
20230118	01:52:49	a02afc92-e8a8-418c-b3a3-5d0aca2e00e5	/css/style.css	undefined	GET
20230118	01:53:34	0aa22de9-4413-4bc7-a27b-1847ffecbf8c	/	GET	undefined
20230118	01:53:34	8c129e12-8aa7-4ae8-9691-ad1129d47c65	/css/style.css	GET	undefined
20230118	01:54:31	cac43e29-9325-4a33-a579-38a109facec4	GET	undefined	/
20230118	01:54:31	f22eab0b-47cb-4933-b801-a717b2c0774f	GET	undefined	/css/style.css
20230118	01:54:32	da91ffbb-9290-4ac7-b411-2ed182d39a3a	GET	undefined	/
20230118	01:54:32	1baaebaa-e5cd-48ae-94a4-94fc9dd11914	GET	undefined	/css/style.css
20230118	01:54:32	6364c94a-8e0f-4a81-a76d-e577189dd40e	GET	undefined	/
20230118	01:54:32	63a9efff-f7d8-4641-890c-f225da768158	GET	undefined	/css/style.css
20230118	01:54:33	31dcc7f4-79ad-4312-a33d-d6671dfc8e0a	GET	undefined	/
20230118	01:54:33	6b48047d-e60e-479e-bf7a-f1ebd03e494a	GET	undefined	/css/style.css
20230118	02:02:24	a14d6c19-4b35-4b8e-bf4e-8496057ba167	OPTIONS	https://www.bing.com	/
20230118	02:02:24	0380a48e-3497-46ca-81d0-f78194a5e82c	GET	https://www.bing.com	/
20230118	23:48:42	d4f98cb3-04e7-46fb-a748-66f43846b069	GET	undefined	/
20230118	23:49:32	68fa7a0f-b5e6-4d7f-8db7-ed524dfae31c	GET	undefined	/
20230118	23:49:35	fd7477cd-5ab0-4973-ac42-f9435e774dce	GET	undefined	/
20230118	23:50:07	478647f5-4409-42ca-98cd-2e0ffcf6ee17	GET	undefined	/
20230118	23:50:38	ed87b731-484f-49b3-bba7-c3be95cc3fcc	GET	undefined	/
20230118	23:50:39	bce7da81-17be-4819-b2f6-05561335430a	GET	undefined	/
20230118	23:51:06	f22c49c8-720d-4306-b455-1d9d2f9468e2	GET	undefined	/
20230118	23:51:07	7a204f69-de95-4138-beed-94792aa4563c	GET	undefined	/
20230118	23:51:59	e951ed33-2631-4feb-9942-6faf13aa2b2f	GET	undefined	/
20230118	23:59:33	06db15dc-1cda-4ef6-bf1c-99e23db4605e	GET	undefined	/
20230118	23:59:33	43a1f862-32a6-49d9-a60b-3aa88433951b	GET	undefined	/css/style.css
20230118	23:59:34	d90d9841-674d-4b36-9034-56e98c90145b	GET	undefined	/favicon.ico
20230118	23:59:44	cfc24afc-d1fc-43d4-b9cb-bc6c8c7ed927	GET	undefined	/
20230119	00:09:40	d6141128-8907-451f-b0cb-321fc92490ee	GET	undefined	/
20230119	00:09:40	a6d47f34-aa1e-438e-ab13-e77b614f1ae7	GET	undefined	/
20230119	00:09:41	8727e288-409e-4c60-97e1-4572126eb7bc	GET	undefined	/
20230119	00:10:07	97c10f0a-5094-4b75-b980-f2480c8c3ca7	GET	undefined	/
20230119	00:10:14	b1a3c545-6902-46c5-894a-1a5974e8c6e2	GET	undefined	/
20230119	00:10:14	1482b23f-0663-4ec6-b918-6e45f31d3941	GET	undefined	/css/style.css
20230119	00:10:14	8c6ee931-0ee7-4dd9-b7b8-07593e709129	GET	undefined	/favicon.ico
20230119	00:10:33	f384f848-ea23-49de-94fa-bd4d9f0e99e4	GET	undefined	/
20230119	00:10:34	129ba2c5-0027-4ad9-84c2-42b40cd83829	GET	undefined	/
20230119	00:15:21	b2318fb7-030e-48e0-a53f-d05c66596e7d	GET	undefined	/
20230119	00:20:25	70182e91-57b4-4d63-87f1-dba8ddc4d6d9	GET	undefined	/
20230119	00:20:31	4d085d53-3127-4bd3-8239-97358de86c9f	GET	undefined	/
20230119	00:20:31	e35f010d-a87b-4f7e-8878-bf90f6d972bc	GET	undefined	/css/style.css
20230119	00:20:36	21470b5f-4be4-4456-af23-2dbdffded5bc	GET	undefined	/favicon.ico
20230119	00:23:40	6b729be3-564c-4917-8af6-e50bc737412c	OPTIONS	https://www.bing.com	/
20230119	00:23:40	32239564-4269-4c73-a1ce-7a70ef57612a	GET	https://www.bing.com	/
20230119	00:24:16	0127c356-fbdc-4bf9-abab-71643eee56e3	OPTIONS	https://www.bing.com	/
20230119	00:24:16	80b3fd53-a84e-4987-8aa3-4995e4916db0	GET	https://www.bing.com	/
20230119	00:24:29	3c560a79-2b10-40f6-96fb-e18b168794c9	GET	undefined	/
20230119	00:25:27	0f694002-4348-459e-8a4b-2733db20f031	GET	undefined	/
20230119	00:38:28	057e8d94-bac7-410f-8888-e45ca37cd919	GET	undefined	/
20230119	00:38:28	46f725d0-b7b6-4dbb-9915-7fdade2cb108	GET	undefined	/css/style.css
20230119	00:38:28	2ad52f2d-38e7-476c-804f-50aa05277396	GET	undefined	/favicon.ico
20230119	00:39:47	d52a95d0-16c2-4f61-8d92-16a787907d7c	GET	undefined	/
20230119	00:39:47	973fa5e0-4972-48f0-b05c-ee79387ebf13	GET	undefined	/css/style.css
20230119	00:40:01	c9463bae-ea07-4e52-a927-7d6f6f368833	GET	undefined	/
20230119	00:40:01	12710e24-c65f-4199-b975-ad5905ad3ed3	GET	undefined	/css/style.css
20230119	00:40:19	bb4a48e9-4edc-479e-a610-b1524a8fb537	OPTIONS	https://www.bing.com	/
20230119	00:40:19	635a0af0-b503-4e5d-8025-845117dd5524	GET	https://www.bing.com	/
20230119	00:53:41	d7cd417e-0159-4733-8af4-31ec6f6c8be5	GET	undefined	/
20230119	00:53:41	2ad69e5c-2ff4-4344-9631-77429a806651	GET	undefined	/css/style.css
20230119	00:54:07	3797dea5-3d77-4e91-8177-b9327250e0b0	GET	undefined	/css/style.css
20230119	00:54:38	e8bc8b7d-402a-40de-afd9-d5d75d13e720	OPTIONS	https://www.bing.com	/
20230119	00:54:38	393df458-4422-418a-a3e3-c933820ddd1f	GET	https://www.bing.com	/
20230119	00:56:55	e39c574c-2370-4fe3-b2d0-beb9bf260994	GET	undefined	/
20230119	00:59:02	f0d34970-e0a0-4bc1-bd4c-a30186e54db7	GET	undefined	/
20230119	00:59:02	2fcd37c8-879c-4a7c-9ff0-07945cba9b00	GET	undefined	/css/style.css
20230119	00:59:03	94fa1dae-9a27-4da4-8fca-d8f51c6ffaf2	GET	undefined	/
20230119	00:59:03	756f922e-f629-444f-a88a-19a4b2940075	GET	undefined	/css/style.css
20230119	00:59:04	407073cb-7d81-4e10-9797-123a7aa6363d	GET	undefined	/
20230119	00:59:04	07a17ae6-7423-4bb7-8ff4-e3aebdfdf9bf	GET	undefined	/css/style.css
20230119	00:59:54	a52d7579-3c35-4b48-9c1e-f37069be31cf	OPTIONS	https://www.bing.com	/
20230119	00:59:54	ab00117b-62c0-4e85-8310-7dd4adb5aeac	GET	https://www.bing.com	/
20230119	01:03:34	6f3e5e04-e233-4a6f-86b7-b6f79a95c0e0	OPTIONS	https://www.bing.com	/
20230119	01:03:34	f125f78b-9ff1-4aeb-9973-ea5a6bcd1aaf	GET	https://www.bing.com	/
20230119	01:03:51	49ccf95f-be42-4484-806a-00d00a36312c	GET	undefined	/
20230119	01:03:51	94155613-fe76-4e2d-85ec-8d4fbb4a326a	GET	undefined	/css/style.css
20230119	01:04:20	76acbacb-3ba5-4406-b887-516fac0d1b4a	GET	undefined	/
20230119	01:07:26	b47f3a18-822b-4fd7-9c6a-b4b2e8f1b8a5	GET	undefined	/
20230119	01:07:26	95250009-729e-4a1d-92d8-345bdc0df43a	GET	undefined	/css/style.css
20230119	01:07:28	493c22b2-2f24-41a5-bfd4-3b85845ddf35	GET	undefined	/
20230119	01:07:28	f6efb541-f3ee-4e82-bf23-098955912b14	GET	undefined	/css/style.css
20230119	01:07:43	54b1ec72-9793-45b7-a364-5ac2c86b4338	OPTIONS	https://www.bing.com	/
20230119	01:07:43	3d6d43d4-5e07-4d74-96dd-34f423caeb12	GET	https://www.bing.com	/
20230119	01:08:44	5af32821-5361-48fd-9c36-0297d6162615	OPTIONS	https://stackoverflow.com	/
20230119	01:08:44	7077c03c-1cd5-4efc-abc2-1b391aae09b7	GET	https://stackoverflow.com	/
20230119	01:09:03	9118a05b-8524-4be1-8b97-047734332830	GET	undefined	/
20230119	01:12:29	d3a20d50-4c57-4f4f-9bcd-70c126b6508e	GET	undefined	/
20230119	01:12:30	877ad54b-b87f-4052-926c-a6ded10856e9	GET	undefined	/
20230119	01:12:31	27804e93-ad1f-47a7-986a-23c4ac48d9de	GET	undefined	/
20230119	01:13:04	1c3e37c2-0b67-4c99-b4b2-295a51e12431	GET	undefined	/
20230119	01:13:18	02d2a66c-29de-4729-b35b-e03b0348b927	OPTIONS	https://www.bing.com	/
20230119	01:13:18	ffe91268-bac5-41b6-bf5b-662256f7201e	GET	https://www.bing.com	/
20230119	01:18:26	ef5a3993-6c9e-4865-be8a-4f578729b997	GET	undefined	/
20230119	01:18:26	333cd336-aae4-48fb-99f3-2d0372d48b44	GET	undefined	/css/style.css
20230119	02:09:51	1b622e26-0b05-4625-9f29-e0123d074bbc	GET	undefined	/
20230119	02:09:51	57438c88-44e5-404f-b2d0-3ef51ab72e89	GET	undefined	/css/style.css
20230119	02:24:09	d2c14618-bb13-4fc0-bc04-344708a58586	GET	undefined	/
20230119	02:24:09	4b79b8b4-32fd-4b83-85fe-1b71e0cbf41e	GET	undefined	/css/style.css
20230119	02:25:33	107a2460-cf9d-4278-9c4c-46ada8edba36	OPTIONS	https://www.bing.com	/
20230119	02:25:33	d8ed4298-152f-45ab-a84b-f3472f1fe4c8	GET	https://www.bing.com	/
20230119	02:27:06	e4e44e39-48e6-49b4-a1e8-c29536e79b98	OPTIONS	https://www.bing.com	/
20230119	02:27:06	ce017f76-0e7a-4b39-a9ac-2f963f31ba03	GET	https://www.bing.com	/
20230119	02:28:02	cbd45a59-ac53-4716-baed-24bfd29d24ec	OPTIONS	https://www.bing.com	/
20230119	02:28:02	b1043843-f3ab-4e00-81ef-daf3dcff2530	GET	https://www.bing.com	/
20230119	02:30:25	9b856d39-cef4-4df4-95b8-b6ad5bf51fef	GET	undefined	/
20230119	02:30:25	35611ade-cfcd-49e0-b59a-5ebafdddedc9	GET	undefined	/css/style.css
20230119	04:41:11	2bee9230-6fa4-4558-bb62-0b2d31752bfe	OPTIONS	https://www.google.com	/
20230119	04:41:11	cf2ee5fe-cfe7-4f5b-8e65-7031d92b5da2	GET	https://www.google.com	/
20230119	16:32:42	10aeee08-cd7b-4ce6-9412-db5a398b4a0b	GET	undefined	/
20230119	16:33:31	03d5b9eb-f4ff-47e9-95c5-142fd1669ad3	GET	undefined	/
20230119	16:33:31	c719d9cb-5a74-48c7-b72a-ad2e220f4c40	GET	undefined	/css/style.css
20230119	18:57:26	c20aa4be-a34b-4884-9d76-3f5393508566	GET	undefined	/
20230119	18:57:26	5e60f915-8ea6-43b4-b670-cde99b2f847a	GET	undefined	/css/style.css
20230119	19:15:13	25e682f5-6bb9-4f10-b6c5-66d9940c116b	GET	undefined	/subdir
20230119	19:15:13	bee07d5d-42d1-43a2-8e75-05894c2bf296	GET	undefined	/css/style.css
20230119	19:16:45	15959808-e9cf-4dea-9989-0f482a3f41a0	GET	undefined	/subdir
20230119	19:16:45	6b3fbfe7-f6fe-49cc-87c2-42eeebb34af7	GET	undefined	/css/style.css
20230119	19:17:09	dc37bbc9-1655-4a0e-9b4f-4512321bf7f1	GET	undefined	/subdir/index
20230119	19:17:09	56299d0b-fdbc-405f-9d23-1cb503a14bc5	GET	undefined	/subdir/css/style.css
20230119	19:17:43	5b3435db-95aa-4574-8065-98afe20d30d6	GET	undefined	/subdir/index
20230119	19:17:43	3750747a-18dc-41ad-8da5-3ba96a720f19	GET	undefined	/subdir/css/style.css
20230119	19:17:50	6f0c02ce-121d-409a-9454-78ed0df984ba	GET	undefined	/subdir/
20230119	19:17:50	b5948f08-1036-4d11-ab3c-1763cced3e9c	GET	undefined	/subdir/css/style.css
20230119	19:18:09	cdbc9732-2350-44c7-a4aa-6fab396437f2	GET	undefined	/
20230119	19:18:09	58c180aa-b2de-465a-b9f2-85fe4c01be93	GET	undefined	/css/style.css
20230119	19:18:24	272c4e8e-6476-4880-bfb1-4adf9b95111d	GET	undefined	/subdir/test
20230119	19:18:59	77d6ed91-9b72-4541-9262-fd939b7f8733	GET	undefined	/subdir/test
20230119	19:18:59	c1fa16d0-7b92-442c-b050-9efec4ae39ef	GET	undefined	/subdir/css/style.css
20230119	19:19:00	d2bcd1ef-04c9-49a6-9601-8fda58fad228	GET	undefined	/subdir/test
20230119	19:19:00	4d4caa23-7d7f-4222-971d-8a0a3a191445	GET	undefined	/subdir/css/style.css
20230119	19:19:05	3ffb23a2-5a2f-4863-a24f-d5faff853511	GET	undefined	/
20230119	19:19:05	b29bd988-1baa-4440-aeea-d22fa00ad176	GET	undefined	/css/style.css
20230119	19:20:47	ece10125-e419-4457-add1-5b3a3ec00317	GET	undefined	/
20230119	19:20:47	652a5132-e5f0-42d4-97f1-c75074ab7bf1	GET	undefined	/css/style.css
20230119	19:20:53	dbf90971-5b19-4dd9-aabf-45d285dfb257	GET	undefined	/subdir/
20230119	19:20:53	04032856-c886-425e-974b-b42f45314148	GET	undefined	/css/style.css
20230119	19:21:01	2c2cd7f5-8b84-4d70-b741-615590baa064	GET	undefined	/subdir/test
20230119	19:21:01	d6310197-5839-4e70-a608-2d2a7da65fcf	GET	undefined	/subdir/..css/style.css
20230119	19:23:52	f943fb93-d2b1-43ec-af49-0642a2886794	GET	undefined	/subdir/test
20230119	19:23:52	a5930bc1-9b39-4cc0-bdf9-3067e610fd71	GET	undefined	/subdir/css/style.css
20230119	22:12:53	3e5ec010-32c8-4094-8029-122fa5eee60f	GET	undefined	/subdir/test
20230119	22:12:53	2fceb8a3-58a8-4f0d-81c7-b9223c251472	GET	undefined	/subdir/css/style.css
20230119	22:12:57	a3e70519-40d3-4634-a3ac-42ca69d5c9a3	GET	undefined	/subdir/test
20230119	22:12:57	80f8db73-9d23-4392-bf36-71b5c49408c7	GET	undefined	/subdir/css/style.css
20230119	22:13:07	47f85a6a-fbc6-4cbf-b645-8f3c337199db	GET	undefined	/
20230119	22:13:07	d6618239-50c3-4c2c-bb15-fcd69a717340	GET	undefined	/css/style.css
20230119	22:13:10	c8fdcf26-880b-41c1-ad55-3a641726bc03	GET	undefined	/
20230119	22:13:10	8ce57fcb-1561-4112-8c4c-02147ed7b77c	GET	undefined	/css/style.css
20230119	22:13:55	6d105985-0325-4a69-9984-99b33be74fcf	GET	undefined	/
20230119	22:13:55	24a9c3af-bd61-4722-a66d-f7ce7c28774e	GET	undefined	/css/style.css
20230119	22:14:01	a998bdc7-8c74-4c7a-b1f5-de07b40035e3	GET	undefined	/hh
20230119	22:14:01	f179ce05-acc6-485d-8376-464b3c40af04	GET	undefined	/css/style.css
20230119	22:19:25	aa31166a-1c63-4c78-9edd-60138ba380ee	GET	undefined	/old-page
20230119	22:19:25	2783788d-4d07-4f29-a453-3c32a5e7a17d	GET	undefined	/new-page.html
20230119	22:20:34	2cfc55db-4cc5-4c44-bcb0-f18f2ce19b24	GET	undefined	/new-page
20230119	22:20:56	cc3062a4-b558-4a71-bde7-e024b85779ea	GET	undefined	/new-page.html
20230119	22:20:56	1e9c60c2-b034-410f-95f4-363ef1efde51	GET	undefined	/img/img1.jpg
20230119	22:20:56	8679ad56-c5f5-4d42-af7c-ef5cd0c627ab	GET	undefined	/css/style.css
20230119	23:42:24	851e40fe-69d9-413d-9715-aad7824f4f48	GET	undefined	/employees
20230119	23:42:37	cbc6922b-3ce4-4260-8f19-8e555fad8475	GET	undefined	/data/employees
20230119	23:42:49	9c0ebd23-88ba-47c5-add1-1e48129b787a	GET	undefined	/data/employees.json
20230119	23:44:01	8f9f5efa-a767-4426-83a5-44f16ed6364b	GET	undefined	/data
20230119	23:45:03	d6416e75-80f3-4e4f-ae4e-7f3aeacc0abf	GET	undefined	/
20230119	23:45:03	e3b33b8a-c0f5-4ae0-8592-f506c41358fe	GET	undefined	/css/style.css
20230119	23:45:20	e31c3e8b-454c-439c-932e-01c950c25c12	GET	undefined	/employees
20230119	23:45:21	dc741ce3-7f2b-4389-8dd3-ee3ad2eaedab	GET	undefined	/css/style.css
20230119	23:45:31	d196a29a-6050-40f4-91c6-89defdb1db92	GET	undefined	/data/employees
20230119	23:45:31	7367c68a-8fdb-478d-bedf-123557a5f5f8	GET	undefined	/data/css/style.css
20230119	23:47:00	aec61d10-4534-4347-a23f-3a531ddd642a	GET	undefined	/employees
20230119	23:47:48	034d8b1b-287b-407f-a86f-2a9b853d7cf7	GET	undefined	/employees
20230119	23:47:48	518f9434-19b1-47d8-893a-9e6ab8e24d15	GET	undefined	/css/style.css
20230119	23:49:01	08599368-75df-4843-804b-92bf7456d143	GET	undefined	/employees
20230119	23:49:02	4396b1a8-3df0-4a06-aefc-dc739aa8a967	GET	undefined	/employees
20230119	23:49:03	f0b90d86-b799-48d0-b53a-4d5a2733eb90	GET	undefined	/employees
20230119	23:49:03	a2f41b4f-5a65-4c5b-a79d-7bf4f05f5ead	GET	undefined	/employees
20230119	23:49:03	1d908932-41cc-4583-b1a1-a44e0998eddc	GET	undefined	/employees
20230119	23:49:05	a24631eb-85ac-43c2-a408-48135011eb48	GET	undefined	/employees
20230119	23:49:05	edd914b1-8485-4dc6-8625-da1179e9bb81	GET	undefined	/employees
20230119	23:49:06	7a1a2e58-81ea-4533-ae30-4c6f7e80b851	GET	undefined	/employees
20230119	23:49:06	b242ce45-7e78-4c42-86dd-98b0e6081f63	GET	undefined	/employees
20230119	23:49:06	9c868573-2fa1-4303-8bdf-3842faf16925	GET	undefined	/employees
20230119	23:49:06	e46d8674-74e1-4176-9a4c-55eff88a154e	GET	undefined	/employees
20230119	23:49:07	c8ff01c6-ef78-4d7c-9fa8-b4f4c41de1ca	GET	undefined	/employees
20230119	23:49:07	0349e950-d6f0-4f98-a28b-13832389c39a	GET	undefined	/employees
20230119	23:49:07	9a9e4603-8d69-409e-b056-340f9ada29b5	GET	undefined	/employees
20230119	23:49:07	626a7779-e552-4cd2-b057-ca70db43214c	GET	undefined	/employees
20230119	23:49:07	a8e5adf7-05a9-4193-8820-86aee6e73f43	GET	undefined	/employees
20230119	23:49:08	aa4959b6-3e45-49ff-a6c7-1270bc028cd4	GET	undefined	/employees
20230119	23:49:08	6a566296-7048-4851-b454-aac877a2ec6f	GET	undefined	/employees
20230119	23:49:08	49a0835e-60b2-49a5-856a-141f0ac7545a	GET	undefined	/employees
20230119	23:49:09	7dc76ac3-6f4f-427f-b248-fe4941db272e	GET	undefined	/employees
20230119	23:49:09	55869f62-e72c-41c9-9e0f-2aa536eb56df	GET	undefined	/employees
20230119	23:49:09	f3794598-c499-4f30-8a99-42a6d306c5de	GET	undefined	/employees
20230119	23:49:09	5551929d-fa94-49bf-8778-dd323b10a2f6	GET	undefined	/employees
20230119	23:49:09	0cacca22-aa72-4f0c-9f20-272d4b975397	GET	undefined	/employees
20230119	23:49:10	e51a1ac8-977a-47e5-a49a-574729fdb02e	GET	undefined	/employees
20230119	23:49:10	68d4503e-4aca-429a-b8ea-0a91645d8d41	GET	undefined	/employees
20230119	23:49:10	cb697294-679b-45f2-afc4-2cdc3758cd98	GET	undefined	/employees
20230119	23:49:10	5f6b5530-b79b-4954-8303-4552173d2117	GET	undefined	/employees
20230119	23:49:10	c3f3e863-4593-4f3b-a86a-67d595af705f	GET	undefined	/employees
20230119	23:49:10	a8518569-0ac1-420c-80a5-cd2843b755bf	GET	undefined	/employees
20230119	23:49:10	22b83e2f-8974-4f35-8366-82e5c8b37f49	GET	undefined	/employees
20230119	23:49:11	73a275ec-b809-4c3a-9eb3-7eff98ee26f3	GET	undefined	/employees
20230119	23:49:11	ba96d83e-abfc-45c9-b5d7-47a42ac5d317	GET	undefined	/employees
20230119	23:49:11	1315b6a2-74e9-429e-82a0-b3d7fbf3489e	GET	undefined	/employees
20230119	23:49:11	6ac2fcc4-1afe-40c0-9b26-b3ae60d57222	GET	undefined	/employees
20230119	23:51:21	d96767f8-f8b1-41aa-b066-e86f22685471	GET	undefined	/
20230119	23:51:21	c39c1f4f-cbe6-43e7-abee-49b35368bea6	GET	undefined	/css/style.css
20230119	23:51:30	a58c2725-5c15-4408-91e7-69ec5d4c3aae	GET	undefined	/employees
20230119	23:51:30	1a1880ea-5323-41c2-a8f0-83ade164a795	GET	undefined	/css/style.css
20230119	23:52:05	27126670-1749-4e92-af77-4cec8cf5bccd	GET	undefined	/subdir/index
20230119	23:52:05	dcad78f0-812d-4862-bad9-88897f335ef6	GET	undefined	/subdir/css/style.css
20230119	23:52:11	6501ea60-935d-4a07-9ce1-aa13ff3322df	GET	undefined	/subdir/test
20230119	23:52:11	8e2ecf8b-b4af-4de2-b330-90ea456e3607	GET	undefined	/subdir/css/style.css
20230119	23:52:44	f5a49d06-5cf0-45ef-bcbc-252f9e2d368a	GET	undefined	/test
20230119	23:52:44	8fc299a4-c63d-4a50-b485-b3417d8a266d	GET	undefined	/css/style.css
20230119	23:52:54	af2cf3f8-f0fd-4538-b3d8-4c6840fa6409	GET	undefined	/subdir/test
20230119	23:52:54	3aa72ef3-3679-4c6d-8cde-d41ec3b70579	GET	undefined	/subdir/css/style.css
20230119	23:55:46	e5acc8e0-98de-430d-b89b-85e86b6cfc32	GET	undefined	/
20230119	23:55:46	590102d7-226f-4af2-b9a2-eb6551132fe0	GET	undefined	/css/style.css
20230119	23:56:05	5f824331-f74e-4076-b041-ea152c769cdb	GET	undefined	/old-page
20230119	23:56:05	979bd423-80b9-442d-8339-49a45f37dc15	GET	undefined	/new-page.html
20230119	23:56:05	e68ee8c0-7d0e-450c-a115-3294ed634dd2	GET	undefined	/img/img1.jpg
20230119	23:56:05	fbd5aedf-b670-4be0-a8c4-4068608cc4d3	GET	undefined	/css/style.css
20230119	23:56:20	a1d0d284-7d29-4641-a8ca-4e80e49cbd17	GET	undefined	/subdir/index
20230119	23:56:20	5e2f718d-c623-480a-95d5-f1d4c7e50334	GET	undefined	/subdir/css/style.css
20230119	23:56:25	b749db16-a611-47b7-bc87-3d043f128ad0	GET	undefined	/subdir/test
20230119	23:56:25	07abff13-8a5f-45dc-9956-6ffdc3ee9bc2	GET	undefined	/subdir/css/style.css
20230119	23:56:39	1a31ece1-213f-49ea-bfc6-e64c77b58226	GET	undefined	/employees
20230119	23:57:02	744953a4-5ea8-4c10-8e10-0f182ba5d408	GET	undefined	/employees
20230119	23:57:02	2662c765-a42a-4fda-9df1-8f0c6d87b848	GET	undefined	/css/style.css
20230120	00:00:29	267801df-48a6-46e9-9f03-f84a0040aa7d	GET	undefined	/employees
20230120	00:00:43	3b1e3a40-400f-43c8-b0aa-2aea37e2b118	GET	undefined	/employees
20230120	00:00:43	e3eddbe2-4028-4889-acc0-27fe4f1be07a	GET	undefined	/css/style.css
20230120	00:02:12	4f998e00-cb4a-4685-8ae8-e4fe7200cea9	GET	undefined	/employees
20230120	00:02:27	8000683d-c772-46ea-8487-088b93af318f	GET	undefined	/subdir/index
20230120	00:02:27	74f0aedd-580b-4eb4-9fec-e24fcd52818a	GET	undefined	/subdir/css/style.css
20230120	00:07:27	69cbcdab-c1c3-487b-99e6-9cb0eeccd046	GET	undefined	/employees
20230120	00:07:35	db72efc0-b29c-4a5b-9cd8-ec7a39ff34fd	GET	undefined	/employees
20230120	00:10:05	4ee48d6f-3cdf-4640-9565-5430450ea402	PUT	undefined	/employees
20230120	00:30:02	3720270d-4caf-4ed5-ab36-874331ceae4d	GET	undefined	/employees/:1
20230120	00:30:06	72fefec5-5357-4fe3-8f83-ac8f4d306836	GET	undefined	/employees/:2
20230120	00:30:13	4be280fc-ec8d-4ac4-a0a8-0b03956f9720	GET	undefined	/employees/2
20230120	00:30:17	dfd87498-9a19-4b6d-a813-71cd0e5aa2f2	GET	undefined	/employees/1
20230120	01:08:06	77ee42ba-07e2-4031-a30b-98fd7d34fdd7	GET	undefined	/
20230120	01:08:06	0aee47e2-8b2c-43c3-bf9d-047012ce9f4b	GET	undefined	/css/style.css
20230120	01:08:12	4ec2ad2f-650b-49d6-a956-1d59b66d6190	GET	undefined	/css/style.css
20230120	01:08:21	82c244ac-39ff-4d74-a8b7-b3a7f019ba01	GET	undefined	/
20230120	01:09:33	8684d2df-9c8a-48d7-97db-fc6572926588	OPTIONS	https://www.bing.com	/
20230120	01:09:33	73d785bf-46da-4dff-8652-48095d335eb0	GET	https://www.bing.com	/
20230120	01:25:39	b9277e1d-82ec-4e9c-b6c0-e5337e29b3ee	GET	undefined	/employees
20230120	01:26:03	3a4aeb91-d74f-4e03-99dc-7c95caa75de8	GET	undefined	/employees
20230120	02:22:50	0b2e96b0-0e45-49d2-b9d8-b58c94a2a9a2	GET	undefined	/employees
20230120	02:30:29	731e7322-dde8-418d-b12f-e767b5b37f29	POST	undefined	/employees
20230120	02:30:55	1127dce4-a6e8-4e5c-85fb-ff4cc526c147	POST	undefined	/employees
20230120	02:30:56	18b8647b-0815-49c0-b7a8-8fa727215516	POST	undefined	/employees
20230120	02:30:56	d41e3210-04b4-48ff-89cb-14c5e1e0deed	POST	undefined	/employees
20230120	02:30:57	2d2a156f-6d75-4591-806a-31da26ce8671	POST	undefined	/employees
20230120	02:30:58	0e907b59-10ea-404b-a282-568579612f2d	POST	undefined	/employees
20230120	02:31:57	082bcbfb-93c1-430a-8429-cbbc2526493e	POST	undefined	/employees
20230120	02:31:58	48f6d278-e4d4-4625-99f7-0d5a92fa4936	POST	undefined	/employees
20230120	02:31:58	cdc2c8b4-dfcf-454c-8fe7-4a4faa39c062	POST	undefined	/employees
20230120	02:31:58	822d6b25-c826-4688-88d3-b6de585a81c4	POST	undefined	/employees
20230120	02:31:59	1cec0279-7aaf-4db7-8018-3b8f14d8798c	POST	undefined	/employees
20230120	02:31:59	f42e19bc-748a-4c0d-b366-d88756e968d8	POST	undefined	/employees
20230120	02:31:59	bc3d2aff-3c40-4246-b0e2-89974b2648e9	POST	undefined	/employees
20230120	02:31:59	8c8f9dbf-dc70-42cf-9ebe-cb59f0bece55	POST	undefined	/employees
20230120	02:31:59	e570a87f-3673-42f1-934e-8e7092350940	POST	undefined	/employees
20230120	02:31:59	b0490bd3-9a80-4e48-9842-59fa9f97b99c	POST	undefined	/employees
20230120	02:32:00	8cc4d1ca-6e42-4702-94b9-b2709ad1e963	POST	undefined	/employees
20230120	02:32:00	5a25052e-21f5-48ac-bd71-f11ff86939c9	POST	undefined	/employees
20230120	02:32:01	3fd923c2-6d75-4063-8ea6-2bf11ba57968	POST	undefined	/employees
20230120	02:32:01	34935fb3-2d9b-4e1c-a314-8e7cd4a8b9ac	POST	undefined	/employees
20230120	02:32:02	fadc4c80-e422-4fdc-ad03-efdba1bc6600	POST	undefined	/employees
20230120	02:32:37	48038346-ba85-42a6-8cd8-bb3f807c66d7	POST	undefined	/employees
20230120	02:34:54	9e4b501b-cfae-4802-8d96-8342f7cc11c9	POST	undefined	/employees
20230120	02:35:28	15eff721-d599-4644-834e-eb14fb32e8a6	POST	undefined	/employees
20230120	02:35:30	ccea3212-6425-44ae-9088-ac31092f4531	POST	undefined	/employees
20230120	02:38:03	b2778783-b647-4e63-af1c-5c9bbf875546	POST	undefined	/employees
20230120	02:38:06	66f0fffd-4255-41a1-9033-5a10a9520b93	POST	undefined	/employees
20230120	02:38:09	afc681d6-4c41-4923-aec2-68cc624f6bcb	POST	undefined	/employees
20230120	02:42:31	30305b4e-aca4-421a-82e8-1f8d3228fa55	GET	undefined	/employees
20230120	02:42:33	2b92b3a0-d8b0-44f3-aaf7-6dd11df514a9	GET	undefined	/employees
20230120	02:42:38	6fa95faf-6f39-462d-bd0d-27503a476f9c	POST	undefined	/employees
20230120	02:43:29	169b70eb-de33-4f30-9d1c-479f5c6e5b3b	PUT	undefined	/employees
20230120	02:45:09	8abe58f5-17e8-4d54-82d1-efebf3baad10	DELETE	undefined	/employees
20230120	02:46:49	0d81047b-e3e1-4308-be41-9cf574bd023f	GET	undefined	/employees/1
20230120	02:46:56	477bb713-60a3-4360-ab56-1f14d62f6fda	GET	undefined	/employees/:1
20230120	02:47:20	65530459-2ba1-462e-8d9c-982fb72e56ac	GET	undefined	/employees/3
20230120	02:47:32	e3505379-b89c-41e6-ba00-39baa20fe6ec	GET	undefined	/employees/1
20230120	02:48:13	3e7daccc-f9d0-4191-a786-60227b7fb233	GET	undefined	/employees/
20230120	02:49:21	52d92223-d004-4a24-a99e-99389ec67dd5	GET	undefined	/employees/:1
20230120	02:49:26	62515021-580b-45e1-8856-6f6729cafc08	GET	undefined	/employees1
20230120	02:49:30	865fc41b-fc7a-4150-8d6c-71373be9fcf8	GET	undefined	/employees/3
20230120	02:49:40	65c86080-f33a-466b-9669-a321f4e44768	GET	undefined	/employees/%223%22
20230120	02:49:45	13fbd51d-b9fa-401e-9d04-2a86c63ddd07	GET	undefined	/employees/2
20230120	02:49:48	6a0a8ea8-52fb-412a-a89a-7118ed34636b	GET	undefined	/employees/1
20230120	02:50:21	32e7b4e2-76eb-4792-9995-0d544fefa114	GET	undefined	/employees
20230120	02:50:55	0fb5582d-7d3f-4ea5-9c16-5886f837af38	GET	undefined	/employees/1
20230120	02:50:57	5bf298d4-ddba-4e4d-864d-b3fee8a3bbea	GET	undefined	/employees/1
20230120	02:50:57	2f4e4a87-9778-440f-beef-0687d51fa64b	GET	undefined	/employees/1
20230120	02:51:01	2c6fb4bf-7455-4cab-874c-4f97995110fb	GET	undefined	/employees/3
20230120	02:51:02	55da407f-ef84-401d-9d2d-766e0a2f71a4	GET	undefined	/employees/3
20230120	02:51:02	06298f85-c14c-4032-885b-208d9e96d0a9	GET	undefined	/employees/3
20230120	02:51:08	7a37a704-4dbe-411a-857f-4435337187e6	GET	undefined	/employees/3
20230120	02:51:09	960db4a8-f691-4b8c-afa0-54ea5debed40	GET	undefined	/employees/3
20230120	02:53:15	c36a2f20-dc77-417f-b760-c89df7f447bf	GET	undefined	/employees/1
20230120	02:53:15	2e94ce5a-86a2-4a24-82c4-e63734a9964e	GET	undefined	/employees/1
20230120	02:53:16	1ba8ab21-2c0d-4fd2-89fb-a7563cf74138	GET	undefined	/employees/1
20230120	02:53:17	6b1bf54e-8d4e-4bfc-8870-a45e3cff7b08	GET	undefined	/employees/1
20230120	02:53:20	dfe184cf-a079-4e3f-adcd-df33d6709f17	GET	undefined	/employees
20230120	02:53:31	b6501e3d-f137-49ac-9280-c2949f10f8b0	GET	undefined	/employees/:1
20230125	20:18:21	61fefd69-7a0b-4c57-b1e8-437005907885	GET	undefined	/
20230125	20:18:21	188a2f44-3a41-4132-b962-ab87bb134552	GET	undefined	/css/style.css
20230125	20:18:21	0f88cbdf-02cb-4365-8076-36373af3a7f3	GET	undefined	/favicon.ico
20230127	01:20:48	0b8c67fa-b6c6-452e-8a72-09e7b78e5ac2	GET	undefined	/
20230127	01:20:48	53a43526-442c-46ed-95b7-1a531e05705c	GET	undefined	/css/style.css
20230127	01:20:49	28218262-5c22-4866-b4e6-5a16e520c00d	GET	undefined	/favicon.ico
20230127	01:26:35	414684d3-27a2-45e2-8b00-080a83d4b532	POST	undefined	/register
20230127	01:29:08	6bc78025-ad52-4920-957d-83b02bce6495	POST	undefined	/register
20230130	18:15:03	8df0872c-a5ca-477d-963a-332b415cc89f	POST	undefined	/register
20230130	18:15:44	8e9a12f1-ee2f-490a-8617-7e15b27aac2f	POST	undefined	/register
20230130	18:16:38	439132b4-0ba8-4df2-8af2-e672fea4fb7c	POST	undefined	/auth
20230130	18:17:42	078e8897-8698-4a62-9013-5de91e52e7a5	POST	undefined	/auth
20230130	18:19:38	d9391946-9e56-4942-bc8a-076e2119af8e	POST	undefined	/auth
20230130	18:19:55	489a31f1-b3cc-4e61-b75f-4c7051b5f80a	GET	undefined	/employees/:1
20230130	18:20:14	68c2c24c-30f7-48c8-bdc9-b45b7c5f433e	GET	undefined	/employees
20230130	18:20:23	21e24dba-1062-4895-bca8-6c568ec12ec2	POST	undefined	/auth
20230130	18:20:32	a8d3f8f4-505a-470b-bf1e-5d3b1de8c819	GET	undefined	/employees
20230130	18:20:38	15e2e831-e8de-49a6-bc5d-c20fcf71215a	GET	undefined	/employees
20230130	18:23:31	4f459c83-5540-42d0-aa6e-4862fa2032b1	POST	undefined	/auth
20230130	18:23:43	8ded475f-726a-44f5-848f-9aa3aaa7dbc9	GET	undefined	/employees
20230130	18:27:00	f7e25e5e-2692-4982-9454-90eeea69f885	POST	undefined	/auth
20230130	18:27:25	ab46965e-62b6-486c-aa06-c2d1da2ff8d5	GET	undefined	/employees
20230130	18:28:29	a72328cb-0802-45cf-8ba2-5ab18eb1ce36	POST	undefined	/auth
20230130	18:28:59	9ae7a8fb-d1e5-43db-8e8c-3b083457a8df	GET	undefined	/employees
20230130	18:29:18	434491de-1c12-487b-b2c9-10f18b927cc5	GET	undefined	/employees
20230130	18:30:20	d014ad6a-2734-4502-8d57-9cf96d05b7fd	POST	undefined	/auth
20230130	18:30:46	9cab45d1-6de1-40f9-99de-882357eb4f17	GET	undefined	/employees
20230130	18:30:47	dfdcbd42-5627-48a1-8d1f-646c4005e914	GET	undefined	/employees
20230130	18:30:48	aaf477b5-6d4a-47fa-a007-b72414342168	GET	undefined	/employees
20230130	18:30:48	bd14cba2-eb2c-40e7-820f-e3d4b144bea3	GET	undefined	/employees
20230130	18:30:49	2a9d26ce-fef6-4f70-a4cc-7d1531d12858	GET	undefined	/employees
20230130	18:30:49	3c7cd2a2-3379-4031-8599-f638bf27e925	GET	undefined	/employees
20230130	18:30:50	b34505ac-2418-4da2-af9e-11d153109804	GET	undefined	/employees
20230130	18:30:50	e14fd9ff-1ba7-4d60-b261-100d34a8c43e	GET	undefined	/employees
20230130	18:30:51	7320895e-0299-4c1a-82ba-92c62587c1f4	GET	undefined	/employees
20230130	18:30:51	8f5c6967-8de0-44d4-923b-140c1225639a	GET	undefined	/employees
20230130	18:30:52	845c6878-c65f-478a-829a-c45c2982da2a	GET	undefined	/employees
20230130	19:51:47	8c0c4119-7bcb-4999-8129-40f713b55a98	POST	undefined	/auth
20230130	19:53:54	2987c0fe-8021-4c88-b0bb-cfcb76ee9c48	GET	undefined	/refresh
20230130	19:54:01	43674ecf-04cc-47cf-8e2c-a00a950395d0	POST	undefined	/auth
20230130	19:54:04	e2049af6-6da7-4af2-9267-a11568e6eb60	GET	undefined	/refresh
20230130	19:55:08	884cd02a-7154-4501-bb98-d4574ea8a3a6	POST	undefined	/auth
20230130	19:55:11	62ad3056-e217-4544-99d9-3c21ebc78c0a	GET	undefined	/refresh
20230130	19:55:12	4664a3b0-d8b0-4765-afb0-71244029f1cb	GET	undefined	/refresh
20230130	19:55:13	43ce1174-a095-4067-b4f9-6ed784081135	GET	undefined	/refresh
20230130	19:55:29	c3c73236-41b9-42b9-8980-ade7e8c2acd4	GET	undefined	/refresh
20230130	19:55:30	95a76756-e310-4eb4-994b-c101e0043dbf	GET	undefined	/refresh
20230130	19:55:31	17e37991-6de8-4c7c-80aa-cd6fe559a24f	GET	undefined	/refresh
20230130	19:55:35	48cc70b8-4946-48cf-8a52-c79793cc96eb	GET	undefined	/refresh
20230130	20:01:02	9d563713-4cc2-4061-aec1-a5d1cbfa525d	GET	undefined	/refresh
20230130	20:01:02	6c5bd17c-62cd-47ba-9fef-d386f673ee5d	GET	undefined	/refresh
20230130	20:01:02	5be3468e-2b20-4854-a459-ccef5d34ab79	GET	undefined	/refresh
20230130	20:01:03	e193e445-e633-408e-9b0f-ef3b4a9229eb	GET	undefined	/refresh
20230130	20:01:03	6c86b831-4478-4d6e-a7bd-8df78ccf8b92	GET	undefined	/refresh
20230130	20:01:03	449f7e1e-7ca7-44ae-8679-6cec5983d4ab	GET	undefined	/refresh
20230130	20:01:03	4aa22eb3-407e-404a-ae3f-eaead6f9dfab	GET	undefined	/refresh
20230130	20:01:03	fb4f2cc0-628e-424b-b53a-9ce9733e7437	GET	undefined	/refresh
20230130	20:02:02	08e19aa8-50bc-4003-a12d-a9c673970de6	POST	undefined	/auth
20230130	20:02:28	42a45f2c-0f4b-4f14-81d0-1c9680164cc4	GET	undefined	/refresh
20230130	20:02:29	08b17fda-7068-463f-9a20-d3ec89ad5069	GET	undefined	/refresh
20230130	20:02:39	8d365874-e8f2-48fb-8472-f283e52de852	GET	undefined	/refresh
20230130	20:02:39	52a7639c-e74a-43e6-943c-4ddf0e48174c	GET	undefined	/refresh
20230130	20:02:39	8dfabb7a-7762-4079-9efd-a6aa639ff39d	GET	undefined	/refresh
20230130	20:02:40	d74d4930-cec5-4bde-b9f8-b8061f445bef	GET	undefined	/refresh
20230130	20:02:40	7ca54c65-260e-4b85-b624-4a52da263adb	GET	undefined	/refresh
20230130	20:02:40	0e5e66e6-d035-44d4-8811-b1d4245a1ccd	GET	undefined	/refresh
20230130	20:02:40	6aa03924-b011-4c4a-85db-cd589f694c35	GET	undefined	/refresh
20230130	20:02:43	39073f0b-fe36-4580-8a13-6c19793ab2d7	POST	undefined	/auth
20230130	20:02:44	ae9646b4-0afb-49e9-9712-c4772471a515	POST	undefined	/auth
20230130	20:02:45	08e10d60-21dc-4148-bd65-e0d294403165	POST	undefined	/auth
20230130	20:02:52	4192c500-b060-4de6-a338-82411790af0f	GET	undefined	/refresh
20230130	20:02:53	78c05e1a-6366-460b-ac40-53a841d346d1	GET	undefined	/refresh
20230131	01:08:54	7b1da61b-097f-487f-90d1-a30c2cee8b07	POST	undefined	/auth
20230131	01:09:26	4c48c4b5-fb86-49fc-8e45-18a486a84cdc	GET	undefined	/employees
20230131	01:10:51	86229315-5ed7-4648-952c-da331bfb3574	POST	undefined	/auth
20230131	01:11:07	8970c55e-1315-4353-aa62-2f704ee945de	GET	undefined	/employees
20230131	01:11:34	459fa54f-7359-4bbf-9519-add4a8a4b470	POST	undefined	/auth
20230131	01:11:57	2f82ea32-aa62-49cd-9bf1-18e493f9b1ad	POST	undefined	/auth
20230131	01:14:46	1f14b2c9-2585-4aad-83b7-79c63a2ec914	POST	undefined	/auth
20230131	01:15:12	818c1d4d-870e-4c12-b638-086abc25ecf9	GET	undefined	/employees
20230131	01:15:14	23fdfbe4-9d1a-41bd-9d8b-29551b4af174	GET	undefined	/employees
20230131	01:15:15	33c85a54-add7-4383-b9f3-fbfe18c037ad	GET	undefined	/employees
20230131	01:15:15	464b66de-0c08-4c8a-8cc7-5d7ffdbacb30	GET	undefined	/employees
20230131	01:15:16	33ef01e6-a8b7-4483-babb-fa2dafdac7bc	GET	undefined	/employees
20230131	01:15:17	2319af47-4875-40d0-bb62-0f456030d454	GET	undefined	/employees
20230131	01:15:23	9d20fc03-2f48-4afe-bd11-d8c331f182fa	GET	undefined	/employees
20230131	01:15:23	1107363f-7680-4313-83b7-eaf87dc18a0f	GET	undefined	/employees
20230131	01:15:24	edc80009-8c09-42cd-aec4-3f4fd878d6e3	GET	undefined	/employees
20230131	01:15:25	7fffa753-5990-4a89-84df-ba748fd7f551	GET	undefined	/employees
20230131	01:15:26	6dafa78f-6f6c-40f1-92df-4ec931fca238	GET	undefined	/employees
20230131	01:15:26	9f0c181e-e6c9-4457-88ac-8ff09398fa7b	GET	undefined	/employees
20230131	01:15:27	5c325b51-40a5-4dbf-b1f8-983fd4592bec	GET	undefined	/employees
20230131	01:15:27	4fb6d997-03d2-484c-aee2-0dbf8295a926	GET	undefined	/employees
20230131	01:15:28	34eb39b6-2523-4f30-b748-e99650aa5254	GET	undefined	/employees
20230131	01:15:28	8071c83b-a6fd-4cb0-a0e2-304d4c854a47	GET	undefined	/employees
20230131	01:15:28	15576465-7e30-47e8-bd48-74af17321d76	GET	undefined	/employees
20230131	01:15:29	442962f1-2f34-4ec5-bfbd-915b82ba0c3d	GET	undefined	/employees
20230131	01:15:29	780a24fa-8ca3-4c2f-878c-95844c011f7c	GET	undefined	/employees
20230131	01:15:29	96ee8d21-ace7-4030-a91b-0d8f846f681b	GET	undefined	/employees
20230131	01:15:30	802870b8-2581-4b0d-b6f3-2ff02e17e6e4	GET	undefined	/employees
20230131	01:15:30	67d1d59c-1529-4b6f-b490-78de2fad3c54	GET	undefined	/employees
20230131	01:15:30	8e0b45f0-fba2-4850-a3ee-3e18863db143	GET	undefined	/employees
20230131	01:15:31	c1e04f6d-6a1e-48ef-a2e9-9c33a53572a1	GET	undefined	/employees
20230131	01:15:31	a1252166-3085-483b-886e-21f73cab4efb	GET	undefined	/employees
20230131	01:15:32	3fe0f7a2-51ee-4659-af3b-d08b96d31b4d	GET	undefined	/employees
20230131	01:15:32	d806cdb9-3a7c-4252-b819-e97a97104911	GET	undefined	/employees
20230131	01:15:32	f4fde349-537b-433e-a278-db135dd85464	GET	undefined	/employees
20230131	01:15:32	467f03a0-6498-4a9f-a75c-f7f178980608	GET	undefined	/employees
20230131	01:15:33	86477358-44a6-4730-87fb-6dc48b968d1c	GET	undefined	/employees
20230131	01:15:33	cce819af-42b6-44cd-b064-4becfb5372f7	GET	undefined	/employees
20230131	01:15:33	6bc8ea42-23c9-4459-8bb5-d61390174183	GET	undefined	/employees
20230131	01:15:33	e3ffa21c-9311-4a7c-aa94-f00f1ac9ea3c	GET	undefined	/employees
20230131	01:15:34	780ba96f-d2d1-4997-8cc3-586abf019c19	GET	undefined	/employees
20230131	01:15:34	2da4a6ea-ea07-4051-b7c4-81b1b0d29c5d	GET	undefined	/employees
20230131	01:15:34	6c2ec620-fd29-4b08-b810-f5f4bba2fdd5	GET	undefined	/employees
20230131	01:15:34	d9566863-394d-4c49-b804-36136e2a5480	GET	undefined	/employees
20230131	01:15:34	53565992-77c7-48c3-9ee5-77cebae46656	GET	undefined	/employees
20230131	01:15:35	5d998e71-d451-47da-83b1-da67696c85dd	GET	undefined	/employees
20230131	01:15:35	1e6f06b3-70a2-4a1d-90e1-1042e33dc5a4	GET	undefined	/employees
20230131	01:15:35	b7ad9ca9-e654-417f-b69f-19e474275995	GET	undefined	/employees
20230131	01:15:35	202d2ddf-d921-4587-9007-aa9d4673dfb8	GET	undefined	/employees
20230131	01:15:35	66eccfa3-058d-4ab5-8ea3-dfa07e2237ee	GET	undefined	/employees
20230131	01:15:36	9f4101f7-5020-4a7f-a109-0dbb2e2b1ee7	GET	undefined	/employees
20230131	01:15:36	74aa8403-9559-427d-b2cc-397327814daf	GET	undefined	/employees
20230131	01:15:37	3ed0aa46-0cd6-47ab-b688-17e8e4718c0b	GET	undefined	/employees
20230131	01:15:37	b5c4cbb3-3e27-46c8-af24-07cdb923672d	GET	undefined	/employees
20230131	01:15:37	47f0f983-5234-41a0-aeee-b77fc5ba22d2	GET	undefined	/employees
20230131	01:15:38	3d71d772-85f3-49c6-a1b4-c6e23c9185bf	GET	undefined	/employees
20230131	01:15:38	94479d8e-1900-4371-a5ce-3069f7037268	GET	undefined	/employees
20230131	01:15:38	660998a2-db15-4d3a-876a-c4aa931da700	GET	undefined	/employees
20230131	01:17:32	0d384b9a-c498-4696-939f-720d5d9c0aed	POST	undefined	/auth
20230131	01:18:29	074541a2-f6df-4600-b27f-9a5dfd3d1945	GET	undefined	/employees
20230131	01:18:30	2cc5629e-4b70-41c5-bc72-3209d4f7df1a	GET	undefined	/employees
20230131	01:18:33	a27e1a61-caa1-45c2-bc4c-bae26a988416	POST	undefined	/auth
20230131	01:18:47	dfb02266-b7de-44f7-bf2b-98f44a9c7fb9	POST	undefined	/auth
20230131	01:19:02	a9668309-7e20-4607-97ae-821e4c4e2455	GET	undefined	/employees
20230131	01:19:17	f46fa73a-058c-4942-83e6-22843014eda1	POST	undefined	/auth
20230131	18:41:01	f1210e2c-7db7-417b-b8da-5c189e448368	POST	undefined	/register
20230131	18:48:02	a1941e8c-0637-4e74-a062-1a888b5a7e61	POST	undefined	/register
20230131	20:29:49	8cd5daab-b9c7-4440-85f5-caf3229a6ecf	POST	undefined	/register
20230131	20:31:48	cbbf1d7d-051a-4dd5-859f-e76ac2dec4e1	POST	undefined	/register
20230131	20:55:16	936a3394-a91c-4c90-933c-cfcc93bbc297	POST	undefined	/auth
20230131	20:55:52	2b322077-d8c6-473b-b6af-0619e10d18a3	POST	undefined	/auth
20230131	20:56:16	c0697c04-6399-4616-b694-642622275a2a	POST	undefined	/auth
20230131	21:03:37	aedde7e0-86f4-4a2f-b9a9-c0ca68684d01	POST	undefined	/auth
20230131	21:05:55	48f99ded-56c7-4db6-9b8b-54e7e3734598	POST	undefined	/auth
20230131	21:06:01	84d0331b-f843-4a5e-8067-849289cd28cf	POST	undefined	/auth
20230131	21:06:30	e79ce5df-5b5b-4f90-9739-90ea09eddabf	POST	undefined	/auth
20230131	21:06:35	35686a44-1674-459a-beab-f4c5c7df7297	POST	undefined	/auth
20230131	21:07:10	b17bec02-dd26-4bbc-bcbd-c010e187bf36	POST	undefined	/auth
20230131	21:07:13	dd5379cd-8f51-4d20-9775-65dd286b31f6	POST	undefined	/auth
20230131	21:07:17	5ab42fdd-eb34-418d-baed-caf263edfa49	POST	undefined	/auth
20230131	21:08:22	5df3ab1c-b1b9-4a48-9992-6c9d38586fa2	POST	undefined	/auth
20230131	21:08:46	86688f97-770d-4810-b0c8-d8ce667642a5	POST	undefined	/auth
20230131	22:59:42	9a3963ff-993f-453d-be58-d259b68f3baa	POST	undefined	/auth
20230131	23:01:38	4b5eebb8-0f16-4c51-a9a0-f2c1c104a4a9	POST	undefined	/auth
20230131	23:01:54	994f63be-a43b-48c7-892a-c06bdd9afb53	GET	undefined	/refresh
20230131	23:02:32	9df06f93-71c6-42bf-9ce3-ba5c13624864	POST	undefined	/auth
20230131	23:02:37	37b87f38-c232-4500-8912-13785af10131	GET	undefined	/refresh
20230131	23:02:39	f3cf6232-e949-4a51-9aef-c560e61a78fa	GET	undefined	/refresh
20230131	23:04:10	b117b304-4474-41ba-a1fd-a0310d51934a	POST	undefined	/auth
20230131	23:04:14	692f0ded-1b17-448a-a07a-ef24ce97a7a7	GET	undefined	/refresh
20230131	23:04:28	f127313f-6834-4fb6-bfd6-f330feaa5645	GET	undefined	/refresh
20230131	23:04:29	155daf20-29a8-4afd-b46d-8504d914feb6	GET	undefined	/refresh
20230131	23:04:31	76900066-5d28-4bb8-b14b-369a2078e39b	GET	undefined	/refresh
20230131	23:04:35	2f593994-4b99-4747-b29e-7759760ba242	POST	undefined	/auth
20230131	23:04:38	e721ef4c-8356-4552-8c4b-fbf3e616062e	GET	undefined	/refresh
20230131	23:05:09	0532b8b4-7c17-44f4-bd4b-a3620e3457d4	POST	undefined	/auth
20230131	23:05:14	4f6d034b-c2ef-4b89-9655-bf37523f446a	GET	undefined	/refresh
20230131	23:05:21	fbc374c6-908d-4865-8685-ec18f29e90bb	GET	undefined	/refresh
20230131	23:10:47	a17536ef-a3cf-4d48-a270-2ebabd9d2409	POST	undefined	/auth
20230131	23:10:51	74618920-b87d-47fc-8db7-3546a25a5815	GET	undefined	/refresh
20230131	23:10:53	6ccbff4f-3b63-449b-b02b-b33db63c2b39	GET	undefined	/refresh
20230131	23:12:34	86f84d4f-0015-43d1-8e24-08ca0f0afea3	POST	undefined	/auth
20230131	23:12:37	bbfda13b-1773-4c9b-865b-cc08de0dfeea	GET	undefined	/refresh
20230131	23:13:08	85a0bde1-7bd6-49ef-a893-67c60dcfb6fb	POST	undefined	/auth
20230131	23:13:11	4679531d-3c0f-4496-8519-2825e1cc788d	GET	undefined	/refresh
20230201	01:37:40	f57afe04-3c4e-4725-afe0-bfc1e2501b5f	POST	undefined	/auth
20230201	01:37:49	d45c4cea-5974-478e-b819-d36713b298bc	GET	undefined	/logout
20230201	01:41:56	30fea18f-831f-4193-b47e-08df33443221	POST	undefined	/auth
20230201	01:42:02	88e7e4ad-10e1-4deb-923e-7624330c9150	GET	undefined	/logout
20230201	03:31:10	2292d69c-d6f4-47d0-8442-3c070bc39938	POST	undefined	/auth
20230201	03:31:25	d04ad99c-fab1-494d-a699-d306aefee9d4	GET	undefined	/employees
20230201	03:32:34	89f70b1f-6731-49ad-9af1-f53ef619d166	POST	undefined	/auth
20230201	03:35:51	fe8c8d26-3229-4f13-b402-54871c574aad	POST	undefined	/auth
20230201	03:36:58	d49dae0b-bfbf-4a09-8763-bdb092543d11	POST	undefined	/auth
20230201	03:37:15	2e7c8556-1806-4eca-ace5-f2dd16dba6be	POST	undefined	/employees
20230201	03:37:38	d9a650a9-2773-49b0-86a1-265238928729	POST	undefined	/employees
20230201	03:37:55	147ead68-565f-43b3-a340-734fe999cf34	POST	undefined	/employees
20230201	03:38:35	682c780e-c0c7-4197-af04-d85e82826149	POST	undefined	/auth
20230201	03:38:52	ad35e676-42c1-485c-b0be-fb66eff00dfe	POST	undefined	/employees
20230201	03:39:04	5aa9621f-5ed1-4952-b573-92ea3d44990c	GET	undefined	/employees
20230201	03:45:22	f26b116a-6aaa-47b1-af95-466b130e483c	POST	undefined	/auth
20230201	03:45:34	e8ba4cce-17e0-446c-a6f2-26818a1f2710	GET	undefined	/employees
20230201	03:45:43	677b5ab5-217d-470e-90c8-8abc9398a89b	POST	undefined	/employees
20230201	03:47:55	a2e2c11e-c628-4f8c-be33-bf799344156f	POST	undefined	/auth
20230201	03:48:10	78943050-1b0b-4cd8-b5ab-f16c19c69d8b	POST	undefined	/employees
20230201	03:51:18	5df10dbf-d882-4076-a65e-c88a3f991955	POST	undefined	/auth
20230201	03:53:55	bdc55d8f-e656-4526-98dc-04d2e52e411a	POST	undefined	/auth
20230201	03:57:47	295fc584-61ad-4160-ad4a-bba3b70a9c81	POST	undefined	/auth
20230201	03:58:15	43065719-9ab8-4f1e-8ba1-a1e2cfc739a7	GET	undefined	/employees/63d9d072650e52713f4b19c6
20230201	04:01:28	d7bcf176-4984-4ca7-b7f1-2503664cda5e	POST	undefined	/auth
20230201	04:01:41	e4fbb0d6-0ffa-481f-8a3d-1c403a658d4f	GET	undefined	/employees
20230201	04:04:28	eb162b10-8c01-416e-b92d-f399c80d2897	POST	undefined	/auth
20230201	04:04:48	8db19eac-61fb-49ec-96ac-9fe2aa79fafb	PUT	undefined	/employees
20230201	04:06:20	d56699c6-bf7c-43a2-b353-5610cf61f9a4	POST	undefined	/auth
20230201	04:06:32	14261afd-e1a0-4975-85db-37d4e2ef4531	DELETE	undefined	/employees
20230201	04:06:43	d34878a2-367d-4d69-8e73-6befdbdb7c3b	GET	undefined	/employees
